<?xml version="1.0" encoding="UTF-8"?>
<!-- Generated by org.testng.reporters.JUnitReportReporter -->
<testsuite hostname="windows-server-2016-1" failures="0" tests="3" name="tests.UserRegistrationTestWithDDTAndExcel" time="12.791" errors="0" timestamp="27 May 2018 15:45:40 GMT" skipped="0">
  <testcase classname="tests.UserRegistrationTestWithDDTAndExcel" name="UserCanRegisterSuccssfully" time="3.892"/>
  <testcase classname="tests.UserRegistrationTestWithDDTAndExcel" name="UserCanRegisterSuccssfully" time="5.432"/>
  <testcase classname="tests.UserRegistrationTestWithDDTAndExcel" name="UserCanRegisterSuccssfully" time="3.467"/>
</testsuite> <!-- tests.UserRegistrationTestWithDDTAndExcel -->
